<?xml version="1.0" encoding="UTF-8"?>
<!-- Generated by org.testng.reporters.JUnitReportReporter -->
<testsuite hostname="NLPULTP4603899" failures="0" tests="1" name="HttpRequest" time="3.987" errors="0" timestamp="2023-08-24T14:23:39 IST" skipped="0">
  <testcase classname="HttpRequest" name="getUsers" time="3.987"/>
  <system-out/>
</testsuite> <!-- HttpRequest -->
